Using pre-set license
Built from '2020.3/staging' branch; Version is '2020.3.9f1 (108be757e447) revision 1084391'; Using compiler version '192528614'; Build Type 'Release'
OS: 'Windows 10 Home Single Language; OS build 19044.2846; Version 2009; 64bit' Language: 'en' Physical Memory: 7985 MB
BatchMode: 1, IsHumanControllingUs: 0, StartBugReporterOnCrash: 0, Is64bit: 1, IsPro: 0

 COMMAND LINE ARGUMENTS:
D:\games\unity\Unity Hub\2020.3.9f1\Editor\Unity.exe
-adb2
-batchMode
-noUpm
-name
AssetImportWorker0
-projectPath
D:/NSBM/Scout game/game/Scout-game/scout-game
-logFile
Logs/AssetImportWorker0.log
-srvPort
56959
Successfully changed project path to: D:/NSBM/Scout game/game/Scout-game/scout-game
D:/NSBM/Scout game/game/Scout-game/scout-game
Using Asset Import Pipeline V2.
